<?xml version="1.0" encoding="UTF-8" standalone="yes"?>
<link:linkbase xmlns:gen="http://xbrl.org/2008/generic" xmlns:label="http://xbrl.org/2008/label" xmlns:link="http://www.xbrl.org/2003/linkbase" xmlns:xlink="http://www.w3.org/1999/xlink" xmlns:xsi="http://www.w3.org/2001/XMLSchema-instance" xsi:schemaLocation="http://xbrl.org/2008/generic http://www.xbrl.org/2008/generic-link.xsd http://xbrl.org/2008/label http://www.xbrl.org/2008/generic-label.xsd">
  <link:roleRef roleURI="http://www.xbrl.org/2008/role/label" xlink:href="http://www.xbrl.org/2008/generic-label.xsd#standard-label" xlink:type="simple"/>
  <link:roleRef roleURI="http://www.xbrl.org/2008/role/link" xlink:href="http://www.xbrl.org/2008/generic-link.xsd#standard-link-role" xlink:type="simple"/>
  <link:arcroleRef arcroleURI="http://xbrl.org/arcrole/2008/element-label" xlink:href="http://www.xbrl.org/2008/generic-label.xsd#element-label" xlink:type="simple"/>
  <gen:link xlink:role="http://www.xbrl.org/2008/role/link" xlink:type="extended">
    <gen:arc xlink:arcrole="http://xbrl.org/arcrole/2008/element-label" xlink:from="test_dlrd_LinkroleDomainA_loc" xlink:to="test_dlrd_LinkroleDomainA_label_nl" xlink:type="arc"/>
    <gen:arc xlink:arcrole="http://xbrl.org/arcrole/2008/element-label" xlink:from="test_dlrd_LinkroleDomainB_loc" xlink:to="test_dlrd_LinkroleDomainB_label_nl" xlink:type="arc"/>
    <gen:arc xlink:arcrole="http://xbrl.org/arcrole/2008/element-label" xlink:from="test_dlrd_LinkroleDomainC_loc" xlink:to="test_dlrd_LinkroleDomainC_label_nl" xlink:type="arc"/>
    <gen:arc xlink:arcrole="http://xbrl.org/arcrole/2008/element-label" xlink:from="test_dlrd_LinkroleDomainD_loc" xlink:to="test_dlrd_LinkroleDomainD_label_nl" xlink:type="arc"/>
    <gen:arc xlink:arcrole="http://xbrl.org/arcrole/2008/element-label" xlink:from="test_dlrd_LinkroleDomainE_loc" xlink:to="test_dlrd_LinkroleDomainE_label_nl" xlink:type="arc"/>
    <gen:arc xlink:arcrole="http://xbrl.org/arcrole/2008/element-label" xlink:from="test_dlrd_LinkroleDomainF_loc" xlink:to="test_dlrd_LinkroleDomainF_label_nl" xlink:type="arc"/>
    <gen:arc xlink:arcrole="http://xbrl.org/arcrole/2008/element-label" xlink:from="test_dlrd_LinkroleDomainG_loc" xlink:to="test_dlrd_LinkroleDomainG_label_nl" xlink:type="arc"/>
    <gen:arc xlink:arcrole="http://xbrl.org/arcrole/2008/element-label" xlink:from="test_dlrd_LinkroleDomainH_loc" xlink:to="test_dlrd_LinkroleDomainH_label_nl" xlink:type="arc"/>
    <gen:arc xlink:arcrole="http://xbrl.org/arcrole/2008/element-label" xlink:from="test_dlrd_LinkroleDomainI_loc" xlink:to="test_dlrd_LinkroleDomainI_label_nl" xlink:type="arc"/>
    <gen:arc xlink:arcrole="http://xbrl.org/arcrole/2008/element-label" xlink:from="test_dlrd_LinkroleDomainJ_loc" xlink:to="test_dlrd_LinkroleDomainJ_label_nl" xlink:type="arc"/>
    <label:label id="test_dlrd_LinkroleDomainA_label_nl" xlink:label="test_dlrd_LinkroleDomainA_label_nl" xlink:role="http://www.xbrl.org/2008/role/label" xlink:type="resource" xml:lang="nl">Domein A</label:label>
    <label:label id="test_dlrd_LinkroleDomainB_label_nl" xlink:label="test_dlrd_LinkroleDomainB_label_nl" xlink:role="http://www.xbrl.org/2008/role/label" xlink:type="resource" xml:lang="nl">Domein B</label:label>
    <label:label id="test_dlrd_LinkroleDomainC_label_nl" xlink:label="test_dlrd_LinkroleDomainC_label_nl" xlink:role="http://www.xbrl.org/2008/role/label" xlink:type="resource" xml:lang="nl">Domein C</label:label>
    <label:label id="test_dlrd_LinkroleDomainD_label_nl" xlink:label="test_dlrd_LinkroleDomainD_label_nl" xlink:role="http://www.xbrl.org/2008/role/label" xlink:type="resource" xml:lang="nl">Domein D</label:label>
    <label:label id="test_dlrd_LinkroleDomainE_label_nl" xlink:label="test_dlrd_LinkroleDomainE_label_nl" xlink:role="http://www.xbrl.org/2008/role/label" xlink:type="resource" xml:lang="nl">Domein E</label:label>
    <label:label id="test_dlrd_LinkroleDomainF_label_nl" xlink:label="test_dlrd_LinkroleDomainF_label_nl" xlink:role="http://www.xbrl.org/2008/role/label" xlink:type="resource" xml:lang="nl">Domein F</label:label>
    <label:label id="test_dlrd_LinkroleDomainG_label_nl" xlink:label="test_dlrd_LinkroleDomainG_label_nl" xlink:role="http://www.xbrl.org/2008/role/label" xlink:type="resource" xml:lang="nl">Domein G</label:label>
    <label:label id="test_dlrd_LinkroleDomainH_label_nl" xlink:label="test_dlrd_LinkroleDomainH_label_nl" xlink:role="http://www.xbrl.org/2008/role/label" xlink:type="resource" xml:lang="nl">Domein H</label:label>
    <label:label id="test_dlrd_LinkroleDomainI_label_nl" xlink:label="test_dlrd_LinkroleDomainI_label_nl" xlink:role="http://www.xbrl.org/2008/role/label" xlink:type="resource" xml:lang="nl">Domein I</label:label>
    <label:label id="test_dlrd_LinkroleDomainJ_label_nl" xlink:label="test_dlrd_LinkroleDomainJ_label_nl" xlink:role="http://www.xbrl.org/2008/role/label" xlink:type="resource" xml:lang="nl">Domein J</label:label>
    <link:loc xlink:href="test-linkroles-domains.xsd#test_dlrd_LinkroleDomainA" xlink:label="test_dlrd_LinkroleDomainA_loc" xlink:type="locator"/>
    <link:loc xlink:href="test-linkroles-domains.xsd#test_dlrd_LinkroleDomainB" xlink:label="test_dlrd_LinkroleDomainB_loc" xlink:type="locator"/>
    <link:loc xlink:href="test-linkroles-domains.xsd#test_dlrd_LinkroleDomainC" xlink:label="test_dlrd_LinkroleDomainC_loc" xlink:type="locator"/>
    <link:loc xlink:href="test-linkroles-domains.xsd#test_dlrd_LinkroleDomainD" xlink:label="test_dlrd_LinkroleDomainD_loc" xlink:type="locator"/>
    <link:loc xlink:href="test-linkroles-domains.xsd#test_dlrd_LinkroleDomainE" xlink:label="test_dlrd_LinkroleDomainE_loc" xlink:type="locator"/>
    <link:loc xlink:href="test-linkroles-domains.xsd#test_dlrd_LinkroleDomainF" xlink:label="test_dlrd_LinkroleDomainF_loc" xlink:type="locator"/>
    <link:loc xlink:href="test-linkroles-domains.xsd#test_dlrd_LinkroleDomainG" xlink:label="test_dlrd_LinkroleDomainG_loc" xlink:type="locator"/>
    <link:loc xlink:href="test-linkroles-domains.xsd#test_dlrd_LinkroleDomainH" xlink:label="test_dlrd_LinkroleDomainH_loc" xlink:type="locator"/>
    <link:loc xlink:href="test-linkroles-domains.xsd#test_dlrd_LinkroleDomainI" xlink:label="test_dlrd_LinkroleDomainI_loc" xlink:type="locator"/>
    <link:loc xlink:href="test-linkroles-domains.xsd#test_dlrd_LinkroleDomainJ" xlink:label="test_dlrd_LinkroleDomainJ_loc" xlink:type="locator"/>
  </gen:link>
</link:linkbase>
