<?xml version="1.0" encoding="UTF-8" standalone="yes"?>
<link:linkbase xmlns:link="http://www.xbrl.org/2003/linkbase" xmlns:xlink="http://www.w3.org/1999/xlink">
  <link:labelLink xlink:role="http://www.xbrl.org/2003/role/link" xlink:type="extended">
    <link:label id="test-i_ConceptA_label_nl" xlink:label="test-i_ConceptA_label_nl" xlink:role="http://www.xbrl.org/2003/role/label" xlink:type="resource" xml:lang="nl">Concept A</link:label>
    <link:label id="test-i_ConceptB_label_nl" xlink:label="test-i_ConceptB_label_nl" xlink:role="http://www.xbrl.org/2003/role/label" xlink:type="resource" xml:lang="nl">Concept B</link:label>
    <link:label id="test-i_ConceptC_label_nl" xlink:label="test-i_ConceptC_label_nl" xlink:role="http://www.xbrl.org/2003/role/label" xlink:type="resource" xml:lang="nl">Concept C</link:label>
    <link:label id="test-i_ConceptD_label_nl" xlink:label="test-i_ConceptD_label_nl" xlink:role="http://www.xbrl.org/2003/role/label" xlink:type="resource" xml:lang="nl">Concept D</link:label>
    <link:label id="test-i_ConceptE_label_nl" xlink:label="test-i_ConceptE_label_nl" xlink:role="http://www.xbrl.org/2003/role/label" xlink:type="resource" xml:lang="nl">Concept E</link:label>
    <link:label id="test-i_ConceptF_label_nl" xlink:label="test-i_ConceptF_label_nl" xlink:role="http://www.xbrl.org/2003/role/label" xlink:type="resource" xml:lang="nl">Concept F</link:label>
    <link:label id="test-i_ConceptG_label_nl" xlink:label="test-i_ConceptG_label_nl" xlink:role="http://www.xbrl.org/2003/role/label" xlink:type="resource" xml:lang="nl">Concept G</link:label>
    <link:label id="test-i_ConceptH_label_nl" xlink:label="test-i_ConceptH_label_nl" xlink:role="http://www.xbrl.org/2003/role/label" xlink:type="resource" xml:lang="nl">Concept H</link:label>
    <link:label id="test-i_ConceptI_label_nl" xlink:label="test-i_ConceptI_label_nl" xlink:role="http://www.xbrl.org/2003/role/label" xlink:type="resource" xml:lang="nl">Concept I</link:label>
    <link:label id="test-i_ConceptJ_label_nl" xlink:label="test-i_ConceptJ_label_nl" xlink:role="http://www.xbrl.org/2003/role/label" xlink:type="resource" xml:lang="nl">Concept J</link:label>
    <link:label id="test-i_ConceptK_label_nl" xlink:label="test-i_ConceptK_label_nl" xlink:role="http://www.xbrl.org/2003/role/label" xlink:type="resource" xml:lang="nl">Concept K</link:label>
    <link:label id="test-i_ConceptL_label_nl" xlink:label="test-i_ConceptL_label_nl" xlink:role="http://www.xbrl.org/2003/role/label" xlink:type="resource" xml:lang="nl">Concept L</link:label>
    <link:label id="test-i_ConceptM_label_nl" xlink:label="test-i_ConceptM_label_nl" xlink:role="http://www.xbrl.org/2003/role/label" xlink:type="resource" xml:lang="nl">Concept M</link:label>
    <link:label id="test-i_ConceptN_label_nl" xlink:label="test-i_ConceptN_label_nl" xlink:role="http://www.xbrl.org/2003/role/label" xlink:type="resource" xml:lang="nl">Concept N</link:label>
    <link:label id="test-i_ConceptO_label_nl" xlink:label="test-i_ConceptO_label_nl" xlink:role="http://www.xbrl.org/2003/role/label" xlink:type="resource" xml:lang="nl">Concept O</link:label>
    <link:label id="test-i_ConceptP_label_nl" xlink:label="test-i_ConceptP_label_nl" xlink:role="http://www.xbrl.org/2003/role/label" xlink:type="resource" xml:lang="nl">Concept P</link:label>
    <link:label id="test-i_ConceptQ_label_nl" xlink:label="test-i_ConceptQ_label_nl" xlink:role="http://www.xbrl.org/2003/role/label" xlink:type="resource" xml:lang="nl">Concept Q</link:label>
    <link:label id="test-i_ConceptR_label_nl" xlink:label="test-i_ConceptR_label_nl" xlink:role="http://www.xbrl.org/2003/role/label" xlink:type="resource" xml:lang="nl">Concept R</link:label>
    <link:label id="test-i_ConceptS_label_nl" xlink:label="test-i_ConceptS_label_nl" xlink:role="http://www.xbrl.org/2003/role/label" xlink:type="resource" xml:lang="nl">Concept S</link:label>
    <link:label id="test-i_ConceptT_label_nl" xlink:label="test-i_ConceptT_label_nl" xlink:role="http://www.xbrl.org/2003/role/label" xlink:type="resource" xml:lang="nl">Concept T</link:label>
    <link:label id="test-i_ConceptU_label_nl" xlink:label="test-i_ConceptU_label_nl" xlink:role="http://www.xbrl.org/2003/role/label" xlink:type="resource" xml:lang="nl">Concept U</link:label>
    <link:label id="test-i_ConceptV_label_nl" xlink:label="test-i_ConceptV_label_nl" xlink:role="http://www.xbrl.org/2003/role/label" xlink:type="resource" xml:lang="nl">Concept V</link:label>
    <link:label id="test-i_ConceptW_label_nl" xlink:label="test-i_ConceptW_label_nl" xlink:role="http://www.xbrl.org/2003/role/label" xlink:type="resource" xml:lang="nl">Concept W</link:label>
    <link:label id="test-i_ConceptX_label_nl" xlink:label="test-i_ConceptX_label_nl" xlink:role="http://www.xbrl.org/2003/role/label" xlink:type="resource" xml:lang="nl">Concept X</link:label>
    <link:label id="test-i_ConceptY_label_nl" xlink:label="test-i_ConceptY_label_nl" xlink:role="http://www.xbrl.org/2003/role/label" xlink:type="resource" xml:lang="nl">Concept Y</link:label>
    <link:label id="test-i_ConceptZ_label_nl" xlink:label="test-i_ConceptZ_label_nl" xlink:role="http://www.xbrl.org/2003/role/label" xlink:type="resource" xml:lang="nl">Concept Z</link:label>
	<link:label id="test-i_ConceptMoneyA_label_nl" xlink:label="test-i_ConceptMoneyA_label_nl" xlink:role="http://www.xbrl.org/2003/role/label" xlink:type="resource" xml:lang="nl">Concept Geld A</link:label>
	<link:label id="test-i_ConceptMoneyB_label_nl" xlink:label="test-i_ConceptMoneyB_label_nl" xlink:role="http://www.xbrl.org/2003/role/label" xlink:type="resource" xml:lang="nl">Concept Geld B</link:label>
	<link:label id="test-i_ConceptMoneyC_label_nl" xlink:label="test-i_ConceptMoneyC_label_nl" xlink:role="http://www.xbrl.org/2003/role/label" xlink:type="resource" xml:lang="nl">Concept Geld C</link:label>
    <link:labelArc xlink:arcrole="http://www.xbrl.org/2003/arcrole/concept-label" xlink:from="test-i_ConceptA_loc" xlink:to="test-i_ConceptA_label_nl" xlink:type="arc"/>
    <link:labelArc xlink:arcrole="http://www.xbrl.org/2003/arcrole/concept-label" xlink:from="test-i_ConceptB_loc" xlink:to="test-i_ConceptB_label_nl" xlink:type="arc"/>
    <link:labelArc xlink:arcrole="http://www.xbrl.org/2003/arcrole/concept-label" xlink:from="test-i_ConceptC_loc" xlink:to="test-i_ConceptC_label_nl" xlink:type="arc"/>
    <link:labelArc xlink:arcrole="http://www.xbrl.org/2003/arcrole/concept-label" xlink:from="test-i_ConceptD_loc" xlink:to="test-i_ConceptD_label_nl" xlink:type="arc"/>
    <link:labelArc xlink:arcrole="http://www.xbrl.org/2003/arcrole/concept-label" xlink:from="test-i_ConceptE_loc" xlink:to="test-i_ConceptE_label_nl" xlink:type="arc"/>
    <link:labelArc xlink:arcrole="http://www.xbrl.org/2003/arcrole/concept-label" xlink:from="test-i_ConceptF_loc" xlink:to="test-i_ConceptF_label_nl" xlink:type="arc"/>
    <link:labelArc xlink:arcrole="http://www.xbrl.org/2003/arcrole/concept-label" xlink:from="test-i_ConceptG_loc" xlink:to="test-i_ConceptG_label_nl" xlink:type="arc"/>
    <link:labelArc xlink:arcrole="http://www.xbrl.org/2003/arcrole/concept-label" xlink:from="test-i_ConceptH_loc" xlink:to="test-i_ConceptH_label_nl" xlink:type="arc"/>
    <link:labelArc xlink:arcrole="http://www.xbrl.org/2003/arcrole/concept-label" xlink:from="test-i_ConceptI_loc" xlink:to="test-i_ConceptI_label_nl" xlink:type="arc"/>
    <link:labelArc xlink:arcrole="http://www.xbrl.org/2003/arcrole/concept-label" xlink:from="test-i_ConceptJ_loc" xlink:to="test-i_ConceptJ_label_nl" xlink:type="arc"/>
    <link:labelArc xlink:arcrole="http://www.xbrl.org/2003/arcrole/concept-label" xlink:from="test-i_ConceptK_loc" xlink:to="test-i_ConceptK_label_nl" xlink:type="arc"/>
    <link:labelArc xlink:arcrole="http://www.xbrl.org/2003/arcrole/concept-label" xlink:from="test-i_ConceptL_loc" xlink:to="test-i_ConceptL_label_nl" xlink:type="arc"/>
    <link:labelArc xlink:arcrole="http://www.xbrl.org/2003/arcrole/concept-label" xlink:from="test-i_ConceptM_loc" xlink:to="test-i_ConceptM_label_nl" xlink:type="arc"/>
    <link:labelArc xlink:arcrole="http://www.xbrl.org/2003/arcrole/concept-label" xlink:from="test-i_ConceptN_loc" xlink:to="test-i_ConceptN_label_nl" xlink:type="arc"/>
    <link:labelArc xlink:arcrole="http://www.xbrl.org/2003/arcrole/concept-label" xlink:from="test-i_ConceptO_loc" xlink:to="test-i_ConceptO_label_nl" xlink:type="arc"/>
    <link:labelArc xlink:arcrole="http://www.xbrl.org/2003/arcrole/concept-label" xlink:from="test-i_ConceptP_loc" xlink:to="test-i_ConceptP_label_nl" xlink:type="arc"/>
    <link:labelArc xlink:arcrole="http://www.xbrl.org/2003/arcrole/concept-label" xlink:from="test-i_ConceptQ_loc" xlink:to="test-i_ConceptQ_label_nl" xlink:type="arc"/>
    <link:labelArc xlink:arcrole="http://www.xbrl.org/2003/arcrole/concept-label" xlink:from="test-i_ConceptR_loc" xlink:to="test-i_ConceptR_label_nl" xlink:type="arc"/>
    <link:labelArc xlink:arcrole="http://www.xbrl.org/2003/arcrole/concept-label" xlink:from="test-i_ConceptS_loc" xlink:to="test-i_ConceptS_label_nl" xlink:type="arc"/>
    <link:labelArc xlink:arcrole="http://www.xbrl.org/2003/arcrole/concept-label" xlink:from="test-i_ConceptT_loc" xlink:to="test-i_ConceptT_label_nl" xlink:type="arc"/>
    <link:labelArc xlink:arcrole="http://www.xbrl.org/2003/arcrole/concept-label" xlink:from="test-i_ConceptU_loc" xlink:to="test-i_ConceptU_label_nl" xlink:type="arc"/>
    <link:labelArc xlink:arcrole="http://www.xbrl.org/2003/arcrole/concept-label" xlink:from="test-i_ConceptV_loc" xlink:to="test-i_ConceptV_label_nl" xlink:type="arc"/>
    <link:labelArc xlink:arcrole="http://www.xbrl.org/2003/arcrole/concept-label" xlink:from="test-i_ConceptW_loc" xlink:to="test-i_ConceptW_label_nl" xlink:type="arc"/>
    <link:labelArc xlink:arcrole="http://www.xbrl.org/2003/arcrole/concept-label" xlink:from="test-i_ConceptX_loc" xlink:to="test-i_ConceptX_label_nl" xlink:type="arc"/>
    <link:labelArc xlink:arcrole="http://www.xbrl.org/2003/arcrole/concept-label" xlink:from="test-i_ConceptY_loc" xlink:to="test-i_ConceptY_label_nl" xlink:type="arc"/>
    <link:labelArc xlink:arcrole="http://www.xbrl.org/2003/arcrole/concept-label" xlink:from="test-i_ConceptZ_loc" xlink:to="test-i_ConceptZ_label_nl" xlink:type="arc"/>
	<link:labelArc xlink:arcrole="http://www.xbrl.org/2003/arcrole/concept-label" xlink:from="test-i_ConceptMoneyA_loc" xlink:to="test-i_ConceptMoneyA_label_nl" xlink:type="arc"/>
	<link:labelArc xlink:arcrole="http://www.xbrl.org/2003/arcrole/concept-label" xlink:from="test-i_ConceptMoneyB_loc" xlink:to="test-i_ConceptMoneyB_label_nl" xlink:type="arc"/>
	<link:labelArc xlink:arcrole="http://www.xbrl.org/2003/arcrole/concept-label" xlink:from="test-i_ConceptMoneyC_loc" xlink:to="test-i_ConceptMoneyC_label_nl" xlink:type="arc"/>
    <link:loc xlink:href="test-data.xsd#test-i_ConceptA" xlink:label="test-i_ConceptA_loc" xlink:type="locator"/>
    <link:loc xlink:href="test-data.xsd#test-i_ConceptB" xlink:label="test-i_ConceptB_loc" xlink:type="locator"/>
    <link:loc xlink:href="test-data.xsd#test-i_ConceptC" xlink:label="test-i_ConceptC_loc" xlink:type="locator"/>
    <link:loc xlink:href="test-data.xsd#test-i_ConceptD" xlink:label="test-i_ConceptD_loc" xlink:type="locator"/>
    <link:loc xlink:href="test-data.xsd#test-i_ConceptE" xlink:label="test-i_ConceptE_loc" xlink:type="locator"/>
    <link:loc xlink:href="test-data.xsd#test-i_ConceptF" xlink:label="test-i_ConceptF_loc" xlink:type="locator"/>
    <link:loc xlink:href="test-data.xsd#test-i_ConceptG" xlink:label="test-i_ConceptG_loc" xlink:type="locator"/>
    <link:loc xlink:href="test-data.xsd#test-i_ConceptH" xlink:label="test-i_ConceptH_loc" xlink:type="locator"/>
    <link:loc xlink:href="test-data.xsd#test-i_ConceptI" xlink:label="test-i_ConceptI_loc" xlink:type="locator"/>
    <link:loc xlink:href="test-data.xsd#test-i_ConceptJ" xlink:label="test-i_ConceptJ_loc" xlink:type="locator"/>
    <link:loc xlink:href="test-data.xsd#test-i_ConceptK" xlink:label="test-i_ConceptK_loc" xlink:type="locator"/>
    <link:loc xlink:href="test-data.xsd#test-i_ConceptL" xlink:label="test-i_ConceptL_loc" xlink:type="locator"/>
    <link:loc xlink:href="test-data.xsd#test-i_ConceptM" xlink:label="test-i_ConceptM_loc" xlink:type="locator"/>
    <link:loc xlink:href="test-data.xsd#test-i_ConceptN" xlink:label="test-i_ConceptN_loc" xlink:type="locator"/>
    <link:loc xlink:href="test-data.xsd#test-i_ConceptO" xlink:label="test-i_ConceptO_loc" xlink:type="locator"/>
    <link:loc xlink:href="test-data.xsd#test-i_ConceptP" xlink:label="test-i_ConceptP_loc" xlink:type="locator"/>
    <link:loc xlink:href="test-data.xsd#test-i_ConceptQ" xlink:label="test-i_ConceptQ_loc" xlink:type="locator"/>
    <link:loc xlink:href="test-data.xsd#test-i_ConceptR" xlink:label="test-i_ConceptR_loc" xlink:type="locator"/>
    <link:loc xlink:href="test-data.xsd#test-i_ConceptS" xlink:label="test-i_ConceptS_loc" xlink:type="locator"/>
    <link:loc xlink:href="test-data.xsd#test-i_ConceptT" xlink:label="test-i_ConceptT_loc" xlink:type="locator"/>
    <link:loc xlink:href="test-data.xsd#test-i_ConceptU" xlink:label="test-i_ConceptU_loc" xlink:type="locator"/>
    <link:loc xlink:href="test-data.xsd#test-i_ConceptV" xlink:label="test-i_ConceptV_loc" xlink:type="locator"/>
    <link:loc xlink:href="test-data.xsd#test-i_ConceptW" xlink:label="test-i_ConceptW_loc" xlink:type="locator"/>
    <link:loc xlink:href="test-data.xsd#test-i_ConceptX" xlink:label="test-i_ConceptX_loc" xlink:type="locator"/>
    <link:loc xlink:href="test-data.xsd#test-i_ConceptY" xlink:label="test-i_ConceptY_loc" xlink:type="locator"/>
    <link:loc xlink:href="test-data.xsd#test-i_ConceptZ" xlink:label="test-i_ConceptZ_loc" xlink:type="locator"/>
	<link:loc xlink:href="test-data.xsd#test-i_ConceptMoneyA" xlink:label="test-i_ConceptMoneyA_loc" xlink:type="locator"/>
	<link:loc xlink:href="test-data.xsd#test-i_ConceptMoneyB" xlink:label="test-i_ConceptMoneyB_loc" xlink:type="locator"/>
	<link:loc xlink:href="test-data.xsd#test-i_ConceptMoneyC" xlink:label="test-i_ConceptMoneyC_loc" xlink:type="locator"/>
  </link:labelLink>
</link:linkbase>
