<?xml version="1.0" encoding="UTF-8" standalone="yes"?>
<link:linkbase xmlns:link="http://www.xbrl.org/2003/linkbase" xmlns:ref="http://www.xbrl.org/2006/ref" xmlns:xlink="http://www.w3.org/1999/xlink" xmlns:xsi="http://www.w3.org/2001/XMLSchema-instance" xsi:schemaLocation="http://www.xbrl.org/2006/ref http://www.xbrl.org/2006/ref-2006-02-27.xsd">
  <link:referenceLink xlink:role="http://www.xbrl.org/2003/role/link" xlink:type="extended">
    <link:loc xlink:href="test-data.xsd#test-i_ConceptA" xlink:label="test-i_ConceptA_loc" xlink:type="locator"/>
    <link:loc xlink:href="test-data.xsd#test-i_ConceptB" xlink:label="test-i_ConceptB_loc" xlink:type="locator"/>
    <link:loc xlink:href="test-data.xsd#test-i_ConceptC" xlink:label="test-i_ConceptC_loc" xlink:type="locator"/>
    <link:loc xlink:href="test-data.xsd#test-i_ConceptD" xlink:label="test-i_ConceptD_loc" xlink:type="locator"/>
    <link:loc xlink:href="test-data.xsd#test-i_ConceptE" xlink:label="test-i_ConceptE_loc" xlink:type="locator"/>
    <link:loc xlink:href="test-data.xsd#test-i_ConceptF" xlink:label="test-i_ConceptF_loc" xlink:type="locator"/>
    <link:loc xlink:href="test-data.xsd#test-i_ConceptG" xlink:label="test-i_ConceptG_loc" xlink:type="locator"/>
    <link:loc xlink:href="test-data.xsd#test-i_ConceptH" xlink:label="test-i_ConceptH_loc" xlink:type="locator"/>
    <link:loc xlink:href="test-data.xsd#test-i_ConceptI" xlink:label="test-i_ConceptI_loc" xlink:type="locator"/>
    <link:loc xlink:href="test-data.xsd#test-i_ConceptJ" xlink:label="test-i_ConceptJ_loc" xlink:type="locator"/>
    <link:loc xlink:href="test-data.xsd#test-i_ConceptK" xlink:label="test-i_ConceptK_loc" xlink:type="locator"/>
    <link:loc xlink:href="test-data.xsd#test-i_ConceptL" xlink:label="test-i_ConceptL_loc" xlink:type="locator"/>
    <link:loc xlink:href="test-data.xsd#test-i_ConceptM" xlink:label="test-i_ConceptM_loc" xlink:type="locator"/>
    <link:loc xlink:href="test-data.xsd#test-i_ConceptN" xlink:label="test-i_ConceptN_loc" xlink:type="locator"/>
    <link:loc xlink:href="test-data.xsd#test-i_ConceptO" xlink:label="test-i_ConceptO_loc" xlink:type="locator"/>
    <link:loc xlink:href="test-data.xsd#test-i_ConceptP" xlink:label="test-i_ConceptP_loc" xlink:type="locator"/>
    <link:loc xlink:href="test-data.xsd#test-i_ConceptQ" xlink:label="test-i_ConceptQ_loc" xlink:type="locator"/>
    <link:loc xlink:href="test-data.xsd#test-i_ConceptR" xlink:label="test-i_ConceptR_loc" xlink:type="locator"/>
    <link:loc xlink:href="test-data.xsd#test-i_ConceptS" xlink:label="test-i_ConceptS_loc" xlink:type="locator"/>
    <link:loc xlink:href="test-data.xsd#test-i_ConceptT" xlink:label="test-i_ConceptT_loc" xlink:type="locator"/>
    <link:loc xlink:href="test-data.xsd#test-i_ConceptU" xlink:label="test-i_ConceptU_loc" xlink:type="locator"/>
    <link:loc xlink:href="test-data.xsd#test-i_ConceptV" xlink:label="test-i_ConceptV_loc" xlink:type="locator"/>
    <link:loc xlink:href="test-data.xsd#test-i_ConceptW" xlink:label="test-i_ConceptW_loc" xlink:type="locator"/>
    <link:loc xlink:href="test-data.xsd#test-i_ConceptX" xlink:label="test-i_ConceptX_loc" xlink:type="locator"/>
    <link:loc xlink:href="test-data.xsd#test-i_ConceptY" xlink:label="test-i_ConceptY_loc" xlink:type="locator"/>
    <link:loc xlink:href="test-data.xsd#test-i_ConceptZ" xlink:label="test-i_ConceptZ_loc" xlink:type="locator"/>
    <link:reference id="test-i_R_1_ref" xlink:label="test-i_R_1_ref" xlink:role="http://www.xbrl.org/2003/role/reference" xlink:type="resource">
      <ref:Name>Referentie</ref:Name>
      <ref:Page>1</ref:Page>
    </link:reference>
    <link:reference id="test-i_R_2_ref" xlink:label="test-i_R_2_ref" xlink:role="http://www.xbrl.org/2003/role/reference" xlink:type="resource">
      <ref:Name>Referentie</ref:Name>
      <ref:Page>2</ref:Page>
    </link:reference>
    <link:reference id="test-i_R_3_ref" xlink:label="test-i_R_3_ref" xlink:role="http://www.xbrl.org/2003/role/reference" xlink:type="resource">
      <ref:Name>Referentie</ref:Name>
      <ref:Page>3</ref:Page>
    </link:reference>
    <link:reference id="test-i_R_4_ref" xlink:label="test-i_R_4_ref" xlink:role="http://www.xbrl.org/2003/role/reference" xlink:type="resource">
      <ref:Name>Referentie</ref:Name>
      <ref:Page>4</ref:Page>
    </link:reference>
    <link:reference id="test-i_R_5_ref" xlink:label="test-i_R_5_ref" xlink:role="http://www.xbrl.org/2003/role/reference" xlink:type="resource">
      <ref:Name>Referentie</ref:Name>
      <ref:Page>5</ref:Page>
    </link:reference>
    <link:referenceArc xlink:arcrole="http://www.xbrl.org/2003/arcrole/concept-reference" xlink:from="test-i_ConceptA_loc" xlink:to="test-i_R_1_ref" xlink:type="arc"/>
    <link:referenceArc xlink:arcrole="http://www.xbrl.org/2003/arcrole/concept-reference" xlink:from="test-i_ConceptB_loc" xlink:to="test-i_R_2_ref" xlink:type="arc"/>
    <link:referenceArc xlink:arcrole="http://www.xbrl.org/2003/arcrole/concept-reference" xlink:from="test-i_ConceptC_loc" xlink:to="test-i_R_3_ref" xlink:type="arc"/>
    <link:referenceArc xlink:arcrole="http://www.xbrl.org/2003/arcrole/concept-reference" xlink:from="test-i_ConceptD_loc" xlink:to="test-i_R_4_ref" xlink:type="arc"/>
    <link:referenceArc xlink:arcrole="http://www.xbrl.org/2003/arcrole/concept-reference" xlink:from="test-i_ConceptE_loc" xlink:to="test-i_R_5_ref" xlink:type="arc"/>
    <link:referenceArc xlink:arcrole="http://www.xbrl.org/2003/arcrole/concept-reference" xlink:from="test-i_ConceptF_loc" xlink:to="test-i_R_1_ref" xlink:type="arc"/>
    <link:referenceArc xlink:arcrole="http://www.xbrl.org/2003/arcrole/concept-reference" xlink:from="test-i_ConceptG_loc" xlink:to="test-i_R_2_ref" xlink:type="arc"/>
    <link:referenceArc xlink:arcrole="http://www.xbrl.org/2003/arcrole/concept-reference" xlink:from="test-i_ConceptH_loc" xlink:to="test-i_R_3_ref" xlink:type="arc"/>
    <link:referenceArc xlink:arcrole="http://www.xbrl.org/2003/arcrole/concept-reference" xlink:from="test-i_ConceptI_loc" xlink:to="test-i_R_4_ref" xlink:type="arc"/>
    <link:referenceArc xlink:arcrole="http://www.xbrl.org/2003/arcrole/concept-reference" xlink:from="test-i_ConceptJ_loc" xlink:to="test-i_R_5_ref" xlink:type="arc"/>
    <link:referenceArc xlink:arcrole="http://www.xbrl.org/2003/arcrole/concept-reference" xlink:from="test-i_ConceptK_loc" xlink:to="test-i_R_1_ref" xlink:type="arc"/>
    <link:referenceArc xlink:arcrole="http://www.xbrl.org/2003/arcrole/concept-reference" xlink:from="test-i_ConceptL_loc" xlink:to="test-i_R_2_ref" xlink:type="arc"/>
    <link:referenceArc xlink:arcrole="http://www.xbrl.org/2003/arcrole/concept-reference" xlink:from="test-i_ConceptM_loc" xlink:to="test-i_R_3_ref" xlink:type="arc"/>
    <link:referenceArc xlink:arcrole="http://www.xbrl.org/2003/arcrole/concept-reference" xlink:from="test-i_ConceptN_loc" xlink:to="test-i_R_4_ref" xlink:type="arc"/>
    <link:referenceArc xlink:arcrole="http://www.xbrl.org/2003/arcrole/concept-reference" xlink:from="test-i_ConceptO_loc" xlink:to="test-i_R_5_ref" xlink:type="arc"/>
    <link:referenceArc xlink:arcrole="http://www.xbrl.org/2003/arcrole/concept-reference" xlink:from="test-i_ConceptP_loc" xlink:to="test-i_R_1_ref" xlink:type="arc"/>
    <link:referenceArc xlink:arcrole="http://www.xbrl.org/2003/arcrole/concept-reference" xlink:from="test-i_ConceptQ_loc" xlink:to="test-i_R_2_ref" xlink:type="arc"/>
    <link:referenceArc xlink:arcrole="http://www.xbrl.org/2003/arcrole/concept-reference" xlink:from="test-i_ConceptR_loc" xlink:to="test-i_R_3_ref" xlink:type="arc"/>
    <link:referenceArc xlink:arcrole="http://www.xbrl.org/2003/arcrole/concept-reference" xlink:from="test-i_ConceptS_loc" xlink:to="test-i_R_4_ref" xlink:type="arc"/>
    <link:referenceArc xlink:arcrole="http://www.xbrl.org/2003/arcrole/concept-reference" xlink:from="test-i_ConceptT_loc" xlink:to="test-i_R_5_ref" xlink:type="arc"/>
    <link:referenceArc xlink:arcrole="http://www.xbrl.org/2003/arcrole/concept-reference" xlink:from="test-i_ConceptU_loc" xlink:to="test-i_R_1_ref" xlink:type="arc"/>
    <link:referenceArc xlink:arcrole="http://www.xbrl.org/2003/arcrole/concept-reference" xlink:from="test-i_ConceptV_loc" xlink:to="test-i_R_2_ref" xlink:type="arc"/>
    <link:referenceArc xlink:arcrole="http://www.xbrl.org/2003/arcrole/concept-reference" xlink:from="test-i_ConceptW_loc" xlink:to="test-i_R_3_ref" xlink:type="arc"/>
    <link:referenceArc xlink:arcrole="http://www.xbrl.org/2003/arcrole/concept-reference" xlink:from="test-i_ConceptX_loc" xlink:to="test-i_R_4_ref" xlink:type="arc"/>
    <link:referenceArc xlink:arcrole="http://www.xbrl.org/2003/arcrole/concept-reference" xlink:from="test-i_ConceptY_loc" xlink:to="test-i_R_5_ref" xlink:type="arc"/>
    <link:referenceArc xlink:arcrole="http://www.xbrl.org/2003/arcrole/concept-reference" xlink:from="test-i_ConceptZ_loc" xlink:to="test-i_R_1_ref" xlink:type="arc"/>
    <link:referenceArc xlink:arcrole="http://www.xbrl.org/2003/arcrole/concept-reference" xlink:from="test-i_ConceptZ_loc" xlink:to="test-i_R_2_ref" xlink:type="arc"/>
    <link:referenceArc xlink:arcrole="http://www.xbrl.org/2003/arcrole/concept-reference" xlink:from="test-i_ConceptZ_loc" xlink:to="test-i_R_3_ref" xlink:type="arc"/>
    <link:referenceArc xlink:arcrole="http://www.xbrl.org/2003/arcrole/concept-reference" xlink:from="test-i_ConceptZ_loc" xlink:to="test-i_R_4_ref" xlink:type="arc"/>
    <link:referenceArc xlink:arcrole="http://www.xbrl.org/2003/arcrole/concept-reference" xlink:from="test-i_ConceptZ_loc" xlink:to="test-i_R_5_ref" xlink:type="arc"/>
  </link:referenceLink>
</link:linkbase>
