<?xml version="1.0" encoding="UTF-8" standalone="yes"?>
<link:linkbase xmlns:link="http://www.xbrl.org/2003/linkbase" xmlns:xlink="http://www.w3.org/1999/xlink">
  <link:labelLink xlink:role="http://www.xbrl.org/2003/role/link" xlink:type="extended">
    <link:label id="test-i_ConceptA_periodEndLabel_nl" xlink:label="test-i_ConceptA_periodEndLabel_nl" xlink:role="http://www.xbrl.org/2003/role/periodEndLabel" xlink:type="resource" xml:lang="nl">Concept A einde van de periode</link:label>
    <link:label id="test-i_ConceptB_periodEndLabel_nl" xlink:label="test-i_ConceptB_periodEndLabel_nl" xlink:role="http://www.xbrl.org/2003/role/periodEndLabel" xlink:type="resource" xml:lang="nl">Concept B einde van de periode</link:label>
    <link:label id="test-i_ConceptC_periodEndLabel_nl" xlink:label="test-i_ConceptC_periodEndLabel_nl" xlink:role="http://www.xbrl.org/2003/role/periodEndLabel" xlink:type="resource" xml:lang="nl">Concept C einde van de periode</link:label>
    <link:label id="test-i_ConceptD_periodEndLabel_nl" xlink:label="test-i_ConceptD_periodEndLabel_nl" xlink:role="http://www.xbrl.org/2003/role/periodEndLabel" xlink:type="resource" xml:lang="nl">Concept D einde van de periode</link:label>
    <link:label id="test-i_ConceptE_periodEndLabel_nl" xlink:label="test-i_ConceptE_periodEndLabel_nl" xlink:role="http://www.xbrl.org/2003/role/periodEndLabel" xlink:type="resource" xml:lang="nl">Concept E einde van de periode</link:label>
    <link:label id="test-i_ConceptF_periodEndLabel_nl" xlink:label="test-i_ConceptF_periodEndLabel_nl" xlink:role="http://www.xbrl.org/2003/role/periodEndLabel" xlink:type="resource" xml:lang="nl">Concept F einde van de periode</link:label>
    <link:label id="test-i_ConceptG_periodEndLabel_nl" xlink:label="test-i_ConceptG_periodEndLabel_nl" xlink:role="http://www.xbrl.org/2003/role/periodEndLabel" xlink:type="resource" xml:lang="nl">Concept G einde van de periode</link:label>
    <link:label id="test-i_ConceptH_periodEndLabel_nl" xlink:label="test-i_ConceptH_periodEndLabel_nl" xlink:role="http://www.xbrl.org/2003/role/periodEndLabel" xlink:type="resource" xml:lang="nl">Concept H einde van de periode</link:label>
    <link:label id="test-i_ConceptI_periodEndLabel_nl" xlink:label="test-i_ConceptI_periodEndLabel_nl" xlink:role="http://www.xbrl.org/2003/role/periodEndLabel" xlink:type="resource" xml:lang="nl">Concept I einde van de periode</link:label>
    <link:label id="test-i_ConceptJ_periodEndLabel_nl" xlink:label="test-i_ConceptJ_periodEndLabel_nl" xlink:role="http://www.xbrl.org/2003/role/periodEndLabel" xlink:type="resource" xml:lang="nl">Concept J einde van de periode</link:label>
    <link:label id="test-i_ConceptK_periodEndLabel_nl" xlink:label="test-i_ConceptK_periodEndLabel_nl" xlink:role="http://www.xbrl.org/2003/role/periodEndLabel" xlink:type="resource" xml:lang="nl">Concept K einde van de periode</link:label>
    <link:label id="test-i_ConceptL_periodEndLabel_nl" xlink:label="test-i_ConceptL_periodEndLabel_nl" xlink:role="http://www.xbrl.org/2003/role/periodEndLabel" xlink:type="resource" xml:lang="nl">Concept L einde van de periode</link:label>
    <link:label id="test-i_ConceptM_periodEndLabel_nl" xlink:label="test-i_ConceptM_periodEndLabel_nl" xlink:role="http://www.xbrl.org/2003/role/periodEndLabel" xlink:type="resource" xml:lang="nl">Concept M einde van de periode</link:label>
    <link:label id="test-i_ConceptN_periodEndLabel_nl" xlink:label="test-i_ConceptN_periodEndLabel_nl" xlink:role="http://www.xbrl.org/2003/role/periodEndLabel" xlink:type="resource" xml:lang="nl">Concept N einde van de periode</link:label>
    <link:label id="test-i_ConceptO_periodEndLabel_nl" xlink:label="test-i_ConceptO_periodEndLabel_nl" xlink:role="http://www.xbrl.org/2003/role/periodEndLabel" xlink:type="resource" xml:lang="nl">Concept O einde van de periode</link:label>
    <link:label id="test-i_ConceptP_periodEndLabel_nl" xlink:label="test-i_ConceptP_periodEndLabel_nl" xlink:role="http://www.xbrl.org/2003/role/periodEndLabel" xlink:type="resource" xml:lang="nl">Concept P einde van de periode</link:label>
    <link:label id="test-i_ConceptQ_periodEndLabel_nl" xlink:label="test-i_ConceptQ_periodEndLabel_nl" xlink:role="http://www.xbrl.org/2003/role/periodEndLabel" xlink:type="resource" xml:lang="nl">Concept Q einde van de periode</link:label>
    <link:label id="test-i_ConceptR_periodEndLabel_nl" xlink:label="test-i_ConceptR_periodEndLabel_nl" xlink:role="http://www.xbrl.org/2003/role/periodEndLabel" xlink:type="resource" xml:lang="nl">Concept R einde van de periode</link:label>
    <link:label id="test-i_ConceptS_periodEndLabel_nl" xlink:label="test-i_ConceptS_periodEndLabel_nl" xlink:role="http://www.xbrl.org/2003/role/periodEndLabel" xlink:type="resource" xml:lang="nl">Concept S einde van de periode</link:label>
    <link:label id="test-i_ConceptT_periodEndLabel_nl" xlink:label="test-i_ConceptT_periodEndLabel_nl" xlink:role="http://www.xbrl.org/2003/role/periodEndLabel" xlink:type="resource" xml:lang="nl">Concept T einde van de periode</link:label>
    <link:label id="test-i_ConceptU_periodEndLabel_nl" xlink:label="test-i_ConceptU_periodEndLabel_nl" xlink:role="http://www.xbrl.org/2003/role/periodEndLabel" xlink:type="resource" xml:lang="nl">Concept U einde van de periode</link:label>
    <link:label id="test-i_ConceptV_periodEndLabel_nl" xlink:label="test-i_ConceptV_periodEndLabel_nl" xlink:role="http://www.xbrl.org/2003/role/periodEndLabel" xlink:type="resource" xml:lang="nl">Concept V einde van de periode</link:label>
    <link:label id="test-i_ConceptW_periodEndLabel_nl" xlink:label="test-i_ConceptW_periodEndLabel_nl" xlink:role="http://www.xbrl.org/2003/role/periodEndLabel" xlink:type="resource" xml:lang="nl">Concept W einde van de periode</link:label>
    <link:label id="test-i_ConceptX_periodEndLabel_nl" xlink:label="test-i_ConceptX_periodEndLabel_nl" xlink:role="http://www.xbrl.org/2003/role/periodEndLabel" xlink:type="resource" xml:lang="nl">Concept X einde van de periode</link:label>
    <link:label id="test-i_ConceptY_periodEndLabel_nl" xlink:label="test-i_ConceptY_periodEndLabel_nl" xlink:role="http://www.xbrl.org/2003/role/periodEndLabel" xlink:type="resource" xml:lang="nl">Concept Y einde van de periode</link:label>
    <link:label id="test-i_ConceptZ_periodEndLabel_nl" xlink:label="test-i_ConceptZ_periodEndLabel_nl" xlink:role="http://www.xbrl.org/2003/role/periodEndLabel" xlink:type="resource" xml:lang="nl">Concept Z einde van de periode</link:label>
    <link:labelArc xlink:arcrole="http://www.xbrl.org/2003/arcrole/concept-label" xlink:from="test-i_ConceptA_loc" xlink:to="test-i_ConceptA_periodEndLabel_nl" xlink:type="arc"/>
    <link:labelArc xlink:arcrole="http://www.xbrl.org/2003/arcrole/concept-label" xlink:from="test-i_ConceptB_loc" xlink:to="test-i_ConceptB_periodEndLabel_nl" xlink:type="arc"/>
    <link:labelArc xlink:arcrole="http://www.xbrl.org/2003/arcrole/concept-label" xlink:from="test-i_ConceptC_loc" xlink:to="test-i_ConceptC_periodEndLabel_nl" xlink:type="arc"/>
    <link:labelArc xlink:arcrole="http://www.xbrl.org/2003/arcrole/concept-label" xlink:from="test-i_ConceptD_loc" xlink:to="test-i_ConceptD_periodEndLabel_nl" xlink:type="arc"/>
    <link:labelArc xlink:arcrole="http://www.xbrl.org/2003/arcrole/concept-label" xlink:from="test-i_ConceptE_loc" xlink:to="test-i_ConceptE_periodEndLabel_nl" xlink:type="arc"/>
    <link:labelArc xlink:arcrole="http://www.xbrl.org/2003/arcrole/concept-label" xlink:from="test-i_ConceptF_loc" xlink:to="test-i_ConceptF_periodEndLabel_nl" xlink:type="arc"/>
    <link:labelArc xlink:arcrole="http://www.xbrl.org/2003/arcrole/concept-label" xlink:from="test-i_ConceptG_loc" xlink:to="test-i_ConceptG_periodEndLabel_nl" xlink:type="arc"/>
    <link:labelArc xlink:arcrole="http://www.xbrl.org/2003/arcrole/concept-label" xlink:from="test-i_ConceptH_loc" xlink:to="test-i_ConceptH_periodEndLabel_nl" xlink:type="arc"/>
    <link:labelArc xlink:arcrole="http://www.xbrl.org/2003/arcrole/concept-label" xlink:from="test-i_ConceptI_loc" xlink:to="test-i_ConceptI_periodEndLabel_nl" xlink:type="arc"/>
    <link:labelArc xlink:arcrole="http://www.xbrl.org/2003/arcrole/concept-label" xlink:from="test-i_ConceptJ_loc" xlink:to="test-i_ConceptJ_periodEndLabel_nl" xlink:type="arc"/>
    <link:labelArc xlink:arcrole="http://www.xbrl.org/2003/arcrole/concept-label" xlink:from="test-i_ConceptK_loc" xlink:to="test-i_ConceptK_periodEndLabel_nl" xlink:type="arc"/>
    <link:labelArc xlink:arcrole="http://www.xbrl.org/2003/arcrole/concept-label" xlink:from="test-i_ConceptL_loc" xlink:to="test-i_ConceptL_periodEndLabel_nl" xlink:type="arc"/>
    <link:labelArc xlink:arcrole="http://www.xbrl.org/2003/arcrole/concept-label" xlink:from="test-i_ConceptM_loc" xlink:to="test-i_ConceptM_periodEndLabel_nl" xlink:type="arc"/>
    <link:labelArc xlink:arcrole="http://www.xbrl.org/2003/arcrole/concept-label" xlink:from="test-i_ConceptN_loc" xlink:to="test-i_ConceptN_periodEndLabel_nl" xlink:type="arc"/>
    <link:labelArc xlink:arcrole="http://www.xbrl.org/2003/arcrole/concept-label" xlink:from="test-i_ConceptO_loc" xlink:to="test-i_ConceptO_periodEndLabel_nl" xlink:type="arc"/>
    <link:labelArc xlink:arcrole="http://www.xbrl.org/2003/arcrole/concept-label" xlink:from="test-i_ConceptP_loc" xlink:to="test-i_ConceptP_periodEndLabel_nl" xlink:type="arc"/>
    <link:labelArc xlink:arcrole="http://www.xbrl.org/2003/arcrole/concept-label" xlink:from="test-i_ConceptQ_loc" xlink:to="test-i_ConceptQ_periodEndLabel_nl" xlink:type="arc"/>
    <link:labelArc xlink:arcrole="http://www.xbrl.org/2003/arcrole/concept-label" xlink:from="test-i_ConceptR_loc" xlink:to="test-i_ConceptR_periodEndLabel_nl" xlink:type="arc"/>
    <link:labelArc xlink:arcrole="http://www.xbrl.org/2003/arcrole/concept-label" xlink:from="test-i_ConceptS_loc" xlink:to="test-i_ConceptS_periodEndLabel_nl" xlink:type="arc"/>
    <link:labelArc xlink:arcrole="http://www.xbrl.org/2003/arcrole/concept-label" xlink:from="test-i_ConceptT_loc" xlink:to="test-i_ConceptT_periodEndLabel_nl" xlink:type="arc"/>
    <link:labelArc xlink:arcrole="http://www.xbrl.org/2003/arcrole/concept-label" xlink:from="test-i_ConceptU_loc" xlink:to="test-i_ConceptU_periodEndLabel_nl" xlink:type="arc"/>
    <link:labelArc xlink:arcrole="http://www.xbrl.org/2003/arcrole/concept-label" xlink:from="test-i_ConceptV_loc" xlink:to="test-i_ConceptV_periodEndLabel_nl" xlink:type="arc"/>
    <link:labelArc xlink:arcrole="http://www.xbrl.org/2003/arcrole/concept-label" xlink:from="test-i_ConceptW_loc" xlink:to="test-i_ConceptW_periodEndLabel_nl" xlink:type="arc"/>
    <link:labelArc xlink:arcrole="http://www.xbrl.org/2003/arcrole/concept-label" xlink:from="test-i_ConceptX_loc" xlink:to="test-i_ConceptX_periodEndLabel_nl" xlink:type="arc"/>
    <link:labelArc xlink:arcrole="http://www.xbrl.org/2003/arcrole/concept-label" xlink:from="test-i_ConceptY_loc" xlink:to="test-i_ConceptY_periodEndLabel_nl" xlink:type="arc"/>
    <link:labelArc xlink:arcrole="http://www.xbrl.org/2003/arcrole/concept-label" xlink:from="test-i_ConceptZ_loc" xlink:to="test-i_ConceptZ_periodEndLabel_nl" xlink:type="arc"/>
    <link:loc xlink:href="test-data.xsd#test-i_ConceptA" xlink:label="test-i_ConceptA_loc" xlink:type="locator"/>
    <link:loc xlink:href="test-data.xsd#test-i_ConceptB" xlink:label="test-i_ConceptB_loc" xlink:type="locator"/>
    <link:loc xlink:href="test-data.xsd#test-i_ConceptC" xlink:label="test-i_ConceptC_loc" xlink:type="locator"/>
    <link:loc xlink:href="test-data.xsd#test-i_ConceptD" xlink:label="test-i_ConceptD_loc" xlink:type="locator"/>
    <link:loc xlink:href="test-data.xsd#test-i_ConceptE" xlink:label="test-i_ConceptE_loc" xlink:type="locator"/>
    <link:loc xlink:href="test-data.xsd#test-i_ConceptF" xlink:label="test-i_ConceptF_loc" xlink:type="locator"/>
    <link:loc xlink:href="test-data.xsd#test-i_ConceptG" xlink:label="test-i_ConceptG_loc" xlink:type="locator"/>
    <link:loc xlink:href="test-data.xsd#test-i_ConceptH" xlink:label="test-i_ConceptH_loc" xlink:type="locator"/>
    <link:loc xlink:href="test-data.xsd#test-i_ConceptI" xlink:label="test-i_ConceptI_loc" xlink:type="locator"/>
    <link:loc xlink:href="test-data.xsd#test-i_ConceptJ" xlink:label="test-i_ConceptJ_loc" xlink:type="locator"/>
    <link:loc xlink:href="test-data.xsd#test-i_ConceptK" xlink:label="test-i_ConceptK_loc" xlink:type="locator"/>
    <link:loc xlink:href="test-data.xsd#test-i_ConceptL" xlink:label="test-i_ConceptL_loc" xlink:type="locator"/>
    <link:loc xlink:href="test-data.xsd#test-i_ConceptM" xlink:label="test-i_ConceptM_loc" xlink:type="locator"/>
    <link:loc xlink:href="test-data.xsd#test-i_ConceptN" xlink:label="test-i_ConceptN_loc" xlink:type="locator"/>
    <link:loc xlink:href="test-data.xsd#test-i_ConceptO" xlink:label="test-i_ConceptO_loc" xlink:type="locator"/>
    <link:loc xlink:href="test-data.xsd#test-i_ConceptP" xlink:label="test-i_ConceptP_loc" xlink:type="locator"/>
    <link:loc xlink:href="test-data.xsd#test-i_ConceptQ" xlink:label="test-i_ConceptQ_loc" xlink:type="locator"/>
    <link:loc xlink:href="test-data.xsd#test-i_ConceptR" xlink:label="test-i_ConceptR_loc" xlink:type="locator"/>
    <link:loc xlink:href="test-data.xsd#test-i_ConceptS" xlink:label="test-i_ConceptS_loc" xlink:type="locator"/>
    <link:loc xlink:href="test-data.xsd#test-i_ConceptT" xlink:label="test-i_ConceptT_loc" xlink:type="locator"/>
    <link:loc xlink:href="test-data.xsd#test-i_ConceptU" xlink:label="test-i_ConceptU_loc" xlink:type="locator"/>
    <link:loc xlink:href="test-data.xsd#test-i_ConceptV" xlink:label="test-i_ConceptV_loc" xlink:type="locator"/>
    <link:loc xlink:href="test-data.xsd#test-i_ConceptW" xlink:label="test-i_ConceptW_loc" xlink:type="locator"/>
    <link:loc xlink:href="test-data.xsd#test-i_ConceptX" xlink:label="test-i_ConceptX_loc" xlink:type="locator"/>
    <link:loc xlink:href="test-data.xsd#test-i_ConceptY" xlink:label="test-i_ConceptY_loc" xlink:type="locator"/>
    <link:loc xlink:href="test-data.xsd#test-i_ConceptZ" xlink:label="test-i_ConceptZ_loc" xlink:type="locator"/>
  </link:labelLink>
</link:linkbase>
