<?xml version="1.0" encoding="UTF-8" standalone="yes"?>
<link:linkbase xmlns:link="http://www.xbrl.org/2003/linkbase" xmlns:xlink="http://www.w3.org/1999/xlink">
  <link:roleRef roleURI="urn:test:linkrole:money" xlink:href="test-linkroles-pre.xsd#test-plr_LinkroleMoney" xlink:type="simple"/>
  <link:presentationLink xlink:role="urn:test:linkrole:money" xlink:type="extended">
    <link:loc xlink:href="../abstracts/test-abstracts.xsd#test-abstr_TitleMoney" xlink:label="test-abstr_TitleMoney_loc" xlink:type="locator"/>
    <link:loc xlink:href="../../../basis/test/items/test-data.xsd#test-i_ConceptMoneyA" xlink:label="test-i_ConceptMoneyA_loc" xlink:type="locator"/>
	<link:loc xlink:href="../../../basis/test/items/test-data.xsd#test-i_ConceptMoneyB" xlink:label="test-i_ConceptMoneyB_loc" xlink:type="locator"/>
	<link:loc xlink:href="../../../basis/test/items/test-data.xsd#test-i_ConceptMoneyC" xlink:label="test-i_ConceptMoneyC_loc" xlink:type="locator"/>
    <link:presentationArc order="0" xlink:arcrole="http://www.xbrl.org/2003/arcrole/parent-child" xlink:from="test-abstr_TitleMoney_loc" xlink:to="test-i_ConceptMoneyA_loc" xlink:type="arc"/>
	<link:presentationArc order="1" xlink:arcrole="http://www.xbrl.org/2003/arcrole/parent-child" xlink:from="test-abstr_TitleMoney_loc" xlink:to="test-i_ConceptMoneyB_loc" xlink:type="arc"/>
	<link:presentationArc order="2" xlink:arcrole="http://www.xbrl.org/2003/arcrole/parent-child" xlink:from="test-abstr_TitleMoney_loc" xlink:to="test-i_ConceptMoneyC_loc" xlink:type="arc"/>
  </link:presentationLink>
</link:linkbase>
