<?xml version="1.0" encoding="UTF-8" standalone="yes"?>
<link:linkbase xmlns:link="http://www.xbrl.org/2003/linkbase" xmlns:xbrldt="http://xbrl.org/2005/xbrldt" xmlns:xlink="http://www.w3.org/1999/xlink">
  <link:roleRef roleURI="urn:test:linkrole:axis-b" xlink:href="../../../domein/test/linkroles/test-linkroles-axes.xsd#test_dlra_LinkroleAxisB" xlink:type="simple"/>
  <link:roleRef roleURI="urn:test:linkrole:table-b" xlink:href="test-linkroles-tables.xsd#test_dlr_LinkroleTableB" xlink:type="simple"/>
  <link:arcroleRef arcroleURI="http://xbrl.org/int/dim/arcrole/all" xlink:href="http://www.xbrl.org/2005/xbrldt-2005.xsd#all" xlink:type="simple"/>
  <link:arcroleRef arcroleURI="http://xbrl.org/int/dim/arcrole/hypercube-dimension" xlink:href="http://www.xbrl.org/2005/xbrldt-2005.xsd#hypercube-dimension" xlink:type="simple"/>
  <link:definitionLink xlink:role="urn:test:linkrole:table-b" xlink:type="extended">
    <link:definitionArc order="1" xbrldt:targetRole="urn:test:linkrole:axis-b" xlink:arcrole="http://xbrl.org/int/dim/arcrole/hypercube-dimension" xlink:from="sbr-dim_ValidationTable_loc" xlink:to="test-dim_DimensionB_loc" xlink:type="arc"/>
    <link:definitionArc order="2" xbrldt:closed="true" xbrldt:contextElement="scenario" xlink:arcrole="http://xbrl.org/int/dim/arcrole/all" xlink:from="sbr-dim_ValidationLineItems_loc" xlink:to="sbr-dim_ValidationTable_loc" xlink:type="arc"/>
    <link:loc xlink:href="http://www.nltaxonomie.nl/2013/xbrl/sbr-dimensional-concepts.xsd#sbr-dim_ValidationLineItems" xlink:label="sbr-dim_ValidationLineItems_loc" xlink:type="locator"/>
    <link:loc xlink:href="http://www.nltaxonomie.nl/2013/xbrl/sbr-dimensional-concepts.xsd#sbr-dim_ValidationTable" xlink:label="sbr-dim_ValidationTable_loc" xlink:type="locator"/>
    <link:loc xlink:href="../../../domein/test/axes/test-axes.xsd#test-dim_DimensionB" xlink:label="test-dim_DimensionB_loc" xlink:type="locator"/>
  </link:definitionLink>
</link:linkbase>
